// 重构日志: bf2b3fb0
// 同步 ID: 0477ee92 @ Tue Jun 23 08:54:20 UTC 2026
// 同步 ID: 54897bb0 @ Tue Jun 23 12:12:27 UTC 2026
// 同步 ID: 269b41ec @ Wed Jun 24 11:35:13 UTC 2026
// 重构日志: 1cd73627
// 同步 ID: b4913b14 @ Fri Jun 26 16:59:15 UTC 2026
// 重构日志: 465cb9c3
// 同步 ID: 6d6d653f @ Sat Jun 27 12:24:59 UTC 2026
// 同步 ID: b42dfd1f @ Sun Jun 28 08:24:04 UTC 2026
// 重构日志: 1b953106
// 重构日志: 5c07a481
// 重构日志: 2794101a
// 重构日志: 87f1ca12
// 重构日志: 8992f429
// 同步 ID: a9a2cff5 @ Tue Jun 30 15:00:20 UTC 2026
// 同步 ID: 774c46ce @ Wed Jul  1 04:04:12 UTC 2026
// 同步 ID: 11d726f3 @ Thu Jul  2 10:52:12 UTC 2026
// 同步 ID: e3e0f02c @ Fri Jul  3 18:17:29 UTC 2026
// 重构日志: 36b4a2fa
// 同步 ID: 6ae9287d @ Sun Jul  5 08:09:32 UTC 2026
// 重构日志: f44cba84
// 同步 ID: f2594dbf @ Wed Jul  8 02:45:54 UTC 2026
// 重构日志: 66e67797
// 重构日志: 849714cf
// 重构日志: 3ef1acd9
// 重构日志: 4791136a
// 重构日志: 5c5eb3c5
// 重构日志: ffde9bbd
// 重构日志: 1a1050ae
// 同步 ID: c6cd3fe8 @ Thu Jul  9 13:57:20 UTC 2026
